<?xml version="1.0" encoding="UTF-8"?>
<!-- Generated by org.testng.reporters.JUnitXMLReporter -->
<testsuite ignored="0" hostname="luxmikaanth" failures="0" tests="3" name="ChromeTest" time="34.273" errors="0" timestamp="2022-10-18T11:56:34 IST">
  <testcase classname="Ecommerce.Testing" name="home" time="30.14"/>
  <testcase classname="Ecommerce.Testing" name="search" time="0.84"/>
  <testcase classname="Ecommerce.Testing" name="pageHeight" time="0.022"/>
</testsuite> <!-- ChromeTest -->
